This is pdfTeX, Version 3.141592653-2.6-1.40.25 (MiKTeX 24.1) (preloaded format=pdflatex 2025.3.23)  4 MAY 2025 22:41
entering extended mode
 restricted \write18 enabled.
 file:line:error style messages enabled.
 %&-line parsing enabled.
**"c:/Users/HP/Documents/1er ann√©e GM/Conception du produit/projet_conception/rapport_projet_conception.tex"
(c:/Users/HP/Documents/1er ann√©e GM/Conception du produit/projet_conception/rapport_projet_conception.tex
LaTeX2e <2023-11-01> patch level 1
L3 programming layer <2024-01-04>
(D:\MiKTeX\tex/latex/base\report.cls
Document Class: report 2023/05/17 v1.4n Standard LaTeX document class
(D:\MiKTeX\tex/latex/base\size12.clo
File: size12.clo 2023/05/17 v1.4n Standard LaTeX file (size option)
)
\c@part=\count187
\c@chapter=\count188
\c@section=\count189
\c@subsection=\count190
\c@subsubsection=\count191
\c@paragraph=\count192
\c@subparagraph=\count193
\c@figure=\count194
\c@table=\count195
\abovecaptionskip=\skip48
\belowcaptionskip=\skip49
\bibindent=\dimen140
) (D:\MiKTeX\tex/generic/babel\babel.sty
Package: babel 2024/01/07 v24.1 The Babel package
\babel@savecnt=\count196
\U@D=\dimen141
\l@unhyphenated=\language79
 (D:\MiKTeX\tex/generic/babel\txtbabel.def)
\bbl@readstream=\read2
\bbl@dirlevel=\count197

*************************************
* Local config file bblopts.cfg used
*
(D:\MiKTeX\tex/latex/arabi\bblopts.cfg
File: bblopts.cfg 2005/09/08 v0.1 add Arabic and Farsi to "declared" options of babel
) (D:\MiKTeX\tex/generic/babel-french\french.ldf
Language: french 2024-07-25 v3.6c French support from the babel system
Package babel Info: Hyphen rules for 'acadian' set to \l@french
(babel)             (\language22). Reported on input line 91.
Package babel Info: Hyphen rules for 'canadien' set to \l@french
(babel)             (\language22). Reported on input line 92.
\FB@stdchar=\count198
Package babel Info: Making : an active character on input line 421.
Package babel Info: Making ; an active character on input line 422.
Package babel Info: Making ! an active character on input line 423.
Package babel Info: Making ? an active character on input line 424.
\FBguill@level=\count199
\FBold@everypar=\toks17
\FB@Mht=\dimen142
\mc@charclass=\count266
\mc@charfam=\count267
\mc@charslot=\count268
\std@mcc=\count269
\dec@mcc=\count270
\FB@parskip=\dimen143
\listindentFB=\dimen144
\descindentFB=\dimen145
\labelindentFB=\dimen146
\labelwidthFB=\dimen147
\leftmarginFB=\dimen148
\parindentFFN=\dimen149
\FBfnindent=\dimen150
)) (D:\MiKTeX\tex/generic/babel/locale/fr\babel-french.tex
Package babel Info: Importing font and identification data for french
(babel)             from babel-fr.ini. Reported on input line 11.
) (D:\MiKTeX\tex/latex/carlisle\scalefnt.sty) (D:\MiKTeX\tex/latex/base\inputenc.sty
Package: inputenc 2021/02/14 v1.3d Input encoding file
\inpenc@prehook=\toks18
\inpenc@posthook=\toks19
) (D:\MiKTeX\tex/latex/base\fontenc.sty
Package: fontenc 2021/04/29 v2.0v Standard LaTeX package
) (D:\MiKTeX\tex/latex/graphics\graphicx.sty
Package: graphicx 2021/09/16 v1.2d Enhanced LaTeX Graphics (DPC,SPQR)
 (D:\MiKTeX\tex/latex/graphics\keyval.sty
Package: keyval 2022/05/29 v1.15 key=value parser (DPC)
\KV@toks@=\toks20
) (D:\MiKTeX\tex/latex/graphics\graphics.sty
Package: graphics 2022/03/10 v1.4e Standard LaTeX Graphics (DPC,SPQR)
 (D:\MiKTeX\tex/latex/graphics\trig.sty
Package: trig 2021/08/11 v1.11 sin cos tan (DPC)
) (D:\MiKTeX\tex/latex/graphics-cfg\graphics.cfg
File: graphics.cfg 2016/06/04 v1.11 sample graphics configuration
)
Package graphics Info: Driver file: pdftex.def on input line 107.
 (D:\MiKTeX\tex/latex/graphics-def\pdftex.def
File: pdftex.def 2022/09/22 v1.2b Graphics/color driver for pdftex
))
\Gin@req@height=\dimen151
\Gin@req@width=\dimen152
) (D:\MiKTeX\tex/latex/amsmath\amsmath.sty
Package: amsmath 2023/05/13 v2.17o AMS math features
\@mathmargin=\skip50

For additional information on amsmath, use the `?' option.
(D:\MiKTeX\tex/latex/amsmath\amstext.sty
Package: amstext 2021/08/26 v2.01 AMS text
 (D:\MiKTeX\tex/latex/amsmath\amsgen.sty
File: amsgen.sty 1999/11/30 v2.0 generic functions
\@emptytoks=\toks21
\ex@=\dimen153
)) (D:\MiKTeX\tex/latex/amsmath\amsbsy.sty
Package: amsbsy 1999/11/29 v1.2d Bold Symbols
\pmbraise@=\dimen154
) (D:\MiKTeX\tex/latex/amsmath\amsopn.sty
Package: amsopn 2022/04/08 v2.04 operator names
)
\inf@bad=\count271
LaTeX Info: Redefining \frac on input line 234.
\uproot@=\count272
\leftroot@=\count273
LaTeX Info: Redefining \overline on input line 399.
LaTeX Info: Redefining \colon on input line 410.
\classnum@=\count274
\DOTSCASE@=\count275
LaTeX Info: Redefining \ldots on input line 496.
LaTeX Info: Redefining \dots on input line 499.
LaTeX Info: Redefining \cdots on input line 620.
\Mathstrutbox@=\box51
\strutbox@=\box52
LaTeX Info: Redefining \big on input line 722.
LaTeX Info: Redefining \Big on input line 723.
LaTeX Info: Redefining \bigg on input line 724.
LaTeX Info: Redefining \Bigg on input line 725.
\big@size=\dimen155
LaTeX Font Info:    Redeclaring font encoding OML on input line 743.
LaTeX Font Info:    Redeclaring font encoding OMS on input line 744.
\macc@depth=\count276
LaTeX Info: Redefining \bmod on input line 905.
LaTeX Info: Redefining \pmod on input line 910.
LaTeX Info: Redefining \smash on input line 940.
LaTeX Info: Redefining \relbar on input line 970.
LaTeX Info: Redefining \Relbar on input line 971.
\c@MaxMatrixCols=\count277
\dotsspace@=\muskip16
\c@parentequation=\count278
\dspbrk@lvl=\count279
\tag@help=\toks22
\row@=\count280
\column@=\count281
\maxfields@=\count282
\andhelp@=\toks23
\eqnshift@=\dimen156
\alignsep@=\dimen157
\tagshift@=\dimen158
\tagwidth@=\dimen159
\totwidth@=\dimen160
\lineht@=\dimen161
\@envbody=\toks24
\multlinegap=\skip51
\multlinetaggap=\skip52
\mathdisplay@stack=\toks25
LaTeX Info: Redefining \[ on input line 2953.
LaTeX Info: Redefining \] on input line 2954.
) (D:\MiKTeX\tex/latex/geometry\geometry.sty
Package: geometry 2020/01/02 v5.9 Page Geometry
 (D:\MiKTeX\tex/generic/iftex\ifvtex.sty
Package: ifvtex 2019/10/25 v1.7 ifvtex legacy package. Use iftex instead.
 (D:\MiKTeX\tex/generic/iftex\iftex.sty
Package: iftex 2022/02/03 v1.0f TeX engine tests
))
\Gm@cnth=\count283
\Gm@cntv=\count284
\c@Gm@tempcnt=\count285
\Gm@bindingoffset=\dimen162
\Gm@wd@mp=\dimen163
\Gm@odd@mp=\dimen164
\Gm@even@mp=\dimen165
\Gm@layoutwidth=\dimen166
\Gm@layoutheight=\dimen167
\Gm@layouthoffset=\dimen168
\Gm@layoutvoffset=\dimen169
\Gm@dimlist=\toks26
 (D:\MiKTeX\tex/latex/geometry\geometry.cfg)) (D:\MiKTeX\tex/latex/float\float.sty
Package: float 2001/11/08 v1.3d Float enhancements (AL)
\c@float@type=\count286
\float@exts=\toks27
\float@box=\box53
\@float@everytoks=\toks28
\@floatcapt=\box54
) (D:\MiKTeX\tex/latex/hyperref\hyperref.sty
Package: hyperref 2023-11-26 v7.01g Hypertext links for LaTeX
 (D:\MiKTeX\tex/generic/infwarerr\infwarerr.sty
Package: infwarerr 2019/12/03 v1.5 Providing info/warning/error messages (HO)
) (D:\MiKTeX\tex/latex/kvsetkeys\kvsetkeys.sty
Package: kvsetkeys 2022-10-05 v1.19 Key value parser (HO)
) (D:\MiKTeX\tex/generic/kvdefinekeys\kvdefinekeys.sty
Package: kvdefinekeys 2019-12-19 v1.6 Define keys (HO)
) (D:\MiKTeX\tex/generic/pdfescape\pdfescape.sty
Package: pdfescape 2019/12/09 v1.15 Implements pdfTeX's escape features (HO)
 (D:\MiKTeX\tex/generic/ltxcmds\ltxcmds.sty
Package: ltxcmds 2023-12-04 v1.26 LaTeX kernel commands for general use (HO)
) (D:\MiKTeX\tex/generic/pdftexcmds\pdftexcmds.sty
Package: pdftexcmds 2020-06-27 v0.33 Utility functions of pdfTeX for LuaTeX (HO)
Package pdftexcmds Info: \pdf@primitive is available.
Package pdftexcmds Info: \pdf@ifprimitive is available.
Package pdftexcmds Info: \pdfdraftmode found.
)) (D:\MiKTeX\tex/latex/hycolor\hycolor.sty
Package: hycolor 2020-01-27 v1.10 Color options for hyperref/bookmark (HO)
) (D:\MiKTeX\tex/latex/letltxmacro\letltxmacro.sty
Package: letltxmacro 2019/12/03 v1.6 Let assignment for LaTeX macros (HO)
) (D:\MiKTeX\tex/latex/auxhook\auxhook.sty
Package: auxhook 2019-12-17 v1.6 Hooks for auxiliary files (HO)
) (D:\MiKTeX\tex/latex/hyperref\nameref.sty
Package: nameref 2023-11-26 v2.56 Cross-referencing by name of section
 (D:\MiKTeX\tex/latex/refcount\refcount.sty
Package: refcount 2019/12/15 v3.6 Data extraction from label references (HO)
) (D:\MiKTeX\tex/generic/gettitlestring\gettitlestring.sty
Package: gettitlestring 2019/12/15 v1.6 Cleanup title references (HO)
 (D:\MiKTeX\tex/latex/kvoptions\kvoptions.sty
Package: kvoptions 2022-06-15 v3.15 Key value format for package options (HO)
))
\c@section@level=\count287
) (D:\MiKTeX\tex/latex/etoolbox\etoolbox.sty
Package: etoolbox 2020/10/05 v2.5k e-TeX tools for LaTeX (JAW)
\etb@tempcnta=\count288
)
\@linkdim=\dimen170
\Hy@linkcounter=\count289
\Hy@pagecounter=\count290
 (D:\MiKTeX\tex/latex/hyperref\pd1enc.def
File: pd1enc.def 2023-11-26 v7.01g Hyperref: PDFDocEncoding definition (HO)
Now handling font encoding PD1 ...
... no UTF-8 mapping file for font encoding PD1
) (D:\MiKTeX\tex/generic/intcalc\intcalc.sty
Package: intcalc 2019/12/15 v1.3 Expandable calculations with integers (HO)
)
\Hy@SavedSpaceFactor=\count291
 (D:\MiKTeX\tex/latex/hyperref\puenc.def
File: puenc.def 2023-11-26 v7.01g Hyperref: PDF Unicode definition (HO)
Now handling font encoding PU ...
... no UTF-8 mapping file for font encoding PU
)
Package hyperref Info: Hyper figures OFF on input line 4181.
Package hyperref Info: Link nesting OFF on input line 4186.
Package hyperref Info: Hyper index ON on input line 4189.
Package hyperref Info: Plain pages OFF on input line 4196.
Package hyperref Info: Backreferencing OFF on input line 4201.
Package hyperref Info: Implicit mode ON; LaTeX internals redefined.
Package hyperref Info: Bookmarks ON on input line 4448.
\c@Hy@tempcnt=\count292
 (D:\MiKTeX\tex/latex/url\url.sty
\Urlmuskip=\muskip17
Package: url 2013/09/16  ver 3.4  Verb mode for urls, etc.
)
LaTeX Info: Redefining \url on input line 4786.
\XeTeXLinkMargin=\dimen171
 (D:\MiKTeX\tex/generic/bitset\bitset.sty
Package: bitset 2019/12/09 v1.3 Handle bit-vector datatype (HO)
 (D:\MiKTeX\tex/generic/bigintcalc\bigintcalc.sty
Package: bigintcalc 2019/12/15 v1.5 Expandable calculations on big integers (HO)
))
\Fld@menulength=\count293
\Field@Width=\dimen172
\Fld@charsize=\dimen173
Package hyperref Info: Hyper figures OFF on input line 6065.
Package hyperref Info: Link nesting OFF on input line 6070.
Package hyperref Info: Hyper index ON on input line 6073.
Package hyperref Info: backreferencing OFF on input line 6080.
Package hyperref Info: Link coloring OFF on input line 6085.
Package hyperref Info: Link coloring with OCG OFF on input line 6090.
Package hyperref Info: PDF/A mode OFF on input line 6095.
 (D:\MiKTeX\tex/latex/base\atbegshi-ltx.sty
Package: atbegshi-ltx 2021/01/10 v1.0c Emulation of the original atbegshi
package with kernel methods
)
\Hy@abspage=\count294
\c@Item=\count295
\c@Hfootnote=\count296
)
Package hyperref Info: Driver (autodetected): hpdftex.
 (D:\MiKTeX\tex/latex/hyperref\hpdftex.def
File: hpdftex.def 2023-11-26 v7.01g Hyperref driver for pdfTeX
 (D:\MiKTeX\tex/latex/base\atveryend-ltx.sty
Package: atveryend-ltx 2020/08/19 v1.0a Emulation of the original atveryend package
with kernel methods
)
\Fld@listcount=\count297
\c@bookmark@seq@number=\count298
 (D:\MiKTeX\tex/latex/rerunfilecheck\rerunfilecheck.sty
Package: rerunfilecheck 2022-07-10 v1.10 Rerun checks for auxiliary files (HO)
 (D:\MiKTeX\tex/generic/uniquecounter\uniquecounter.sty
Package: uniquecounter 2019/12/15 v1.4 Provide unlimited unique counter (HO)
)
Package uniquecounter Info: New unique counter `rerunfilecheck' on input line 285.
)
\Hy@SectionHShift=\skip53
) (D:\MiKTeX\tex/latex/l3backend\l3backend-pdftex.def
File: l3backend-pdftex.def 2024-01-04 L3 backend support: PDF output (pdfTeX)
\l__color_backend_stack_int=\count299
\l__pdf_internal_box=\box55
) (rapport_projet_conception.aux)
\openout1 = `rapport_projet_conception.aux'.

LaTeX Font Info:    Checking defaults for OML/cmm/m/it on input line 27.
LaTeX Font Info:    ... okay on input line 27.
LaTeX Font Info:    Checking defaults for OMS/cmsy/m/n on input line 27.
LaTeX Font Info:    ... okay on input line 27.
LaTeX Font Info:    Checking defaults for OT1/cmr/m/n on input line 27.
LaTeX Font Info:    ... okay on input line 27.
LaTeX Font Info:    Checking defaults for T1/cmr/m/n on input line 27.
LaTeX Font Info:    ... okay on input line 27.
LaTeX Font Info:    Checking defaults for TS1/cmr/m/n on input line 27.
LaTeX Font Info:    ... okay on input line 27.
LaTeX Font Info:    Checking defaults for OMX/cmex/m/n on input line 27.
LaTeX Font Info:    ... okay on input line 27.
LaTeX Font Info:    Checking defaults for U/cmr/m/n on input line 27.
LaTeX Font Info:    ... okay on input line 27.
LaTeX Font Info:    Checking defaults for PD1/pdf/m/n on input line 27.
LaTeX Font Info:    ... okay on input line 27.
LaTeX Font Info:    Checking defaults for PU/pdf/m/n on input line 27.
LaTeX Font Info:    ... okay on input line 27.
LaTeX Info: Redefining \degres on input line 27.
LaTeX Info: Redefining \up on input line 27.
 (D:\MiKTeX\tex/context/base/mkii\supp-pdf.mkii
[Loading MPS to PDF converter (version 2006.09.02).]
\scratchcounter=\count300
\scratchdimen=\dimen174
\scratchbox=\box56
\nofMPsegments=\count301
\nofMParguments=\count302
\everyMPshowfont=\toks29
\MPscratchCnt=\count303
\MPscratchDim=\dimen175
\MPnumerator=\count304
\makeMPintoPDFobject=\count305
\everyMPtoPDFconversion=\toks30
) (D:\MiKTeX\tex/latex/epstopdf-pkg\epstopdf-base.sty
Package: epstopdf-base 2020-01-24 v2.11 Base part for package epstopdf
Package epstopdf-base Info: Redefining graphics rule for `.eps' on input line 485.
 (D:\MiKTeX\tex/latex/00miktex\epstopdf-sys.cfg
File: epstopdf-sys.cfg 2021/03/18 v2.0 Configuration of epstopdf for MiKTeX
))
*geometry* driver: auto-detecting
*geometry* detected driver: pdftex
*geometry* verbose mode - [ preamble ] result:
* driver: pdftex
* paper: a4paper
* layout: <same size as paper>
* layoutoffset:(h,v)=(0.0pt,0.0pt)
* modes: 
* h-part:(L,W,R)=(71.13188pt, 455.24411pt, 71.13188pt)
* v-part:(T,H,B)=(71.13188pt, 702.78308pt, 71.13188pt)
* \paperwidth=597.50787pt
* \paperheight=845.04684pt
* \textwidth=455.24411pt
* \textheight=702.78308pt
* \oddsidemargin=-1.1381pt
* \evensidemargin=-1.1381pt
* \topmargin=-38.1381pt
* \headheight=12.0pt
* \headsep=25.0pt
* \topskip=12.0pt
* \footskip=30.0pt
* \marginparwidth=35.0pt
* \marginparsep=10.0pt
* \columnsep=10.0pt
* \skip\footins=10.8pt plus 4.0pt minus 2.0pt
* \hoffset=0.0pt
* \voffset=0.0pt
* \mag=1000
* \@twocolumnfalse
* \@twosidefalse
* \@mparswitchfalse
* \@reversemarginfalse
* (1in=72.27pt=25.4mm, 1cm=28.453pt)

Package hyperref Info: Link coloring OFF on input line 27.
\@outlinefile=\write3
\openout3 = `rapport_projet_conception.out'.

[1

{C:/Users/HP/AppData/Local/MiKTeX/fonts/map/pdftex/pdftex.map}]
No file rapport_projet_conception.toc.
\tf@toc=\write4
\openout4 = `rapport_projet_conception.toc'.


pdfTeX warning (ext4): destination with the same identifier (name{page.1}) has been already used, duplicate ignored
<to be read again> 
                   \relax 
l.81 \newpage
              [1

]
Chapitre 1.
[2

] [3]
<images/drone_apercu.png, id=43, 114.9093pt x 79.2561pt>
File: images/drone_apercu.png Graphic file (type png)
<use images/drone_apercu.png>
Package pdftex.def Info: images/drone_apercu.png  used on input line 183.
(pdftex.def)             Requested size: 364.19667pt x 251.20236pt.
 [4 <./images/drone_apercu.png>]
Chapitre 2.
<images/esquisse_chassis_central.png, id=53, 639.13782pt x 541.27219pt>
File: images/esquisse_chassis_central.png Graphic file (type png)
<use images/esquisse_chassis_central.png>
Package pdftex.def Info: images/esquisse_chassis_central.png  used on input line 218.
(pdftex.def)             Requested size: 364.19667pt x 308.42923pt.
[5

]
<images/extrusion_chassis_central.png, id=64, 934.99312pt x 502.12593pt>
File: images/extrusion_chassis_central.png Graphic file (type png)
<use images/extrusion_chassis_central.png>
Package pdftex.def Info: images/extrusion_chassis_central.png  used on input line 230.
(pdftex.def)             Requested size: 364.19667pt x 195.5908pt.
 [6 <./images/esquisse_chassis_central.png> <./images/extrusion_chassis_central.png>]
<images/trou_taraude_chassis.png, id=76, 1120.9378pt x 546.54187pt>
File: images/trou_taraude_chassis.png Graphic file (type png)
<use images/trou_taraude_chassis.png>
Package pdftex.def Info: images/trou_taraude_chassis.png  used on input line 246.
(pdftex.def)             Requested size: 364.19667pt x 177.57396pt.
<images/repetition_circulaire_trou.png, id=77, 1068.99374pt x 557.83406pt>
File: images/repetition_circulaire_trou.png Graphic file (type png)
<use images/repetition_circulaire_trou.png>
Package pdftex.def Info: images/repetition_circulaire_trou.png  used on input line 262.
(pdftex.def)             Requested size: 364.19667pt x 190.05261pt.
<images/conge_chassis.png, id=78, 1126.2075pt x 593.21625pt>
File: images/conge_chassis.png Graphic file (type png)
<use images/conge_chassis.png>
Package pdftex.def Info: images/conge_chassis.png  used on input line 277.
(pdftex.def)             Requested size: 364.19667pt x 191.83351pt.
 [7 <./images/trou_taraude_chassis.png> <./images/repetition_circulaire_trou.png>]
<images/poche_fixation_pieds.png, id=90, 1013.28563pt x 646.66594pt>
File: images/poche_fixation_pieds.png Graphic file (type png)
<use images/poche_fixation_pieds.png>
Package pdftex.def Info: images/poche_fixation_pieds.png  used on input line 293.
(pdftex.def)             Requested size: 364.19667pt x 232.42459pt.
<images/poche_electronique.png, id=91, 980.91469pt x 639.89063pt>
File: images/poche_electronique.png Graphic file (type png)
<use images/poche_electronique.png>
Package pdftex.def Info: images/poche_electronique.png  used on input line 309.
(pdftex.def)             Requested size: 364.19667pt x 237.57599pt.
 [8 <./images/conge_chassis.png> <./images/poche_fixation_pieds.png>]
<images/nervures_renforcement.png, id=102, 1198.4775pt x 622.57594pt>
File: images/nervures_renforcement.png Graphic file (type png)
<use images/nervures_renforcement.png>
Package pdftex.def Info: images/nervures_renforcement.png  used on input line 327.
(pdftex.def)             Requested size: 364.19667pt x 189.18715pt.
 [9 <./images/poche_electronique.png> <./images/nervures_renforcement.png>]
c:/Users/HP/Documents/1er ann√©e GM/Conception du produit/projet_conception/rapport_projet_conception.tex:339: Undefined control sequence.
l.339 ...√©ment de r√©f√©rence: Rep√®re absolu\Axe
                                                  
The control sequence at the end of the top line
of your error message was never \def'ed. If you have
misspelled it (e.g., `\hobx'), type `I' and the correct
spelling (e.g., `I\hbox'). Otherwise just continue,
and I'll forget about whatever was undefined.

<images/repetition_nervures.png, id=113, 1185.67969pt x 619.56468pt>
File: images/repetition_nervures.png Graphic file (type png)
<use images/repetition_nervures.png>
Package pdftex.def Info: images/repetition_nervures.png  used on input line 345.
(pdftex.def)             Requested size: 364.19667pt x 190.30466pt.
<images/supports_fixation_couvercle.png, id=114, 1254.93843pt x 652.68843pt>
File: images/supports_fixation_couvercle.png Graphic file (type png)
<use images/supports_fixation_couvercle.png>
Package pdftex.def Info: images/supports_fixation_couvercle.png  used on input line 362.
(pdftex.def)             Requested size: 364.19667pt x 189.41423pt.
[10 <./images/repetition_nervures.png>]
<images/taraudage_couvercle.png, id=122, 1160.83687pt x 619.56468pt>
File: images/taraudage_couvercle.png Graphic file (type png)
<use images/taraudage_couvercle.png>
Package pdftex.def Info: images/taraudage_couvercle.png  used on input line 382.
(pdftex.def)             Requested size: 364.19667pt x 194.37924pt.
 [11 <./images/supports_fixation_couvercle.png> <./images/taraudage_couvercle.png>]
c:/Users/HP/Documents/1er ann√©e GM/Conception du produit/projet_conception/rapport_projet_conception.tex:394: Undefined control sequence.
l.394 ...√©ment de r√©f√©rence: Rep√®re absolu\Axe
                                                  
The control sequence at the end of the top line
of your error message was never \def'ed. If you have
misspelled it (e.g., `\hobx'), type `I' and the correct
spelling (e.g., `I\hbox'). Otherwise just continue,
and I'll forget about whatever was undefined.

<images/repetition_taraudages.png, id=133, 1091.57813pt x 626.34pt>
File: images/repetition_taraudages.png Graphic file (type png)
<use images/repetition_taraudages.png>
Package pdftex.def Info: images/repetition_taraudages.png  used on input line 401.
(pdftex.def)             Requested size: 364.19667pt x 208.96744pt.
<images/logement_couvercle.png, id=134, 812.28468pt x 523.20468pt>
File: images/logement_couvercle.png Graphic file (type png)
<use images/logement_couvercle.png>
Package pdftex.def Info: images/logement_couvercle.png  used on input line 419.
(pdftex.def)             Requested size: 364.19667pt x 234.57771pt.
[12 <./images/repetition_taraudages.png>]
<images/chassis_central_final.png, id=143, 788.19469pt x 490.08093pt>
File: images/chassis_central_final.png Graphic file (type png)
<use images/chassis_central_final.png>
Package pdftex.def Info: images/chassis_central_final.png  used on input line 444.
(pdftex.def)             Requested size: 318.66948pt x 198.1377pt.
 [13 <./images/logement_couvercle.png>]
<images/extrusion_tube.png, id=151, 828.09375pt x 510.40688pt>
File: images/extrusion_tube.png Graphic file (type png)
<use images/extrusion_tube.png>
Package pdftex.def Info: images/extrusion_tube.png  used on input line 466.
(pdftex.def)             Requested size: 318.66948pt x 196.41768pt.
 [14 <./images/chassis_central_final.png> <./images/extrusion_tube.png>]
c:/Users/HP/Documents/1er ann√©e GM/Conception du produit/projet_conception/rapport_projet_conception.tex:478: Undefined control sequence.
l.478 ...   \item Face lat√©rale: Extrusion.1\Face
                                                  .1
The control sequence at the end of the top line
of your error message was never \def'ed. If you have
misspelled it (e.g., `\hobx'), type `I' and the correct
spelling (e.g., `I\hbox'). Otherwise just continue,
and I'll forget about whatever was undefined.

c:/Users/HP/Documents/1er ann√©e GM/Conception du produit/projet_conception/rapport_projet_conception.tex:479: Undefined control sequence.
l.479 ...      \item Face limite: Extrusion.1\Face
                                                  .3
The control sequence at the end of the top line
of your error message was never \def'ed. If you have
misspelled it (e.g., `\hobx'), type `I' and the correct
spelling (e.g., `I\hbox'). Otherwise just continue,
and I'll forget about whatever was undefined.


LaTeX Warning: File `images/filetage_tube.png' not found on input line 503.


c:/Users/HP/Documents/1er ann√©e GM/Conception du produit/projet_conception/rapport_projet_conception.tex:503: Package pdftex.def Error: File `images/filetage_tube.png' not found: using draft setting.

See the pdftex.def package documentation for explanation.
Type  H <return>  for immediate help.
 ...                                              
                                                  
l.503 ...=0.7\textwidth]{images/filetage_tube.png}
                                                  
Try typing  <return>  to proceed.
If that doesn't work, type  X <return>  to quit.

LaTeX Font Info:    Trying to load font information for T1+cmtt on input line 503.
(D:\MiKTeX\tex/latex/base\t1cmtt.fd
File: t1cmtt.fd 2023/04/13 v2.5m Standard LaTeX font definitions
)
Overfull \hbox (10.27681pt too wide) in paragraph at lines 513--514
[]\T1/cmr/m/n/12 Structure tu-bu-laire en alu-mi-nium of-frant un ex-cellent rap-port rÈ-sis-tance/poids 
 []

[15]

LaTeX Warning: File `images/tube_liaison_final.png' not found on input line 525.


c:/Users/HP/Documents/1er ann√©e GM/Conception du produit/projet_conception/rapport_projet_conception.tex:525: Package pdftex.def Error: File `images/tube_liaison_final.png' not found: using draft setting.

See the pdftex.def package documentation for explanation.
Type  H <return>  for immediate help.
 ...                                              
                                                  
l.525 ...textwidth]{images/tube_liaison_final.png}
                                                  
Try typing  <return>  to proceed.
If that doesn't work, type  X <return>  to quit.

[16]

LaTeX Warning: File `images/support_moteur.png' not found on input line 574.


c:/Users/HP/Documents/1er ann√©e GM/Conception du produit/projet_conception/rapport_projet_conception.tex:574: Package pdftex.def Error: File `images/support_moteur.png' not found: using draft setting.

See the pdftex.def package documentation for explanation.
Type  H <return>  for immediate help.
 ...                                              
                                                  
l.574 ...0.7\textwidth]{images/support_moteur.png}
                                                  
Try typing  <return>  to proceed.
If that doesn't work, type  X <return>  to quit.

[17]
<images/helice_drone.png, id=189, 833.1125pt x 422.07687pt>
File: images/helice_drone.png Graphic file (type png)
<use images/helice_drone.png>
Package pdftex.def Info: images/helice_drone.png  used on input line 621.
(pdftex.def)             Requested size: 318.66948pt x 161.4471pt.
 [18 <./images/helice_drone.png>]
<images/support_attache_rouge.png, id=207, 661.47125pt x 426.09187pt>
File: images/support_attache_rouge.png Graphic file (type png)
<use images/support_attache_rouge.png>
Package pdftex.def Info: images/support_attache_rouge.png  used on input line 668.
(pdftex.def)             Requested size: 318.66948pt x 205.26945pt.


LaTeX Warning: File `images/elements_fixation.png' not found on input line 709.


c:/Users/HP/Documents/1er ann√©e GM/Conception du produit/projet_conception/rapport_projet_conception.tex:709: Package pdftex.def Error: File `images/elements_fixation.png' not found: using draft setting.

See the pdftex.def package documentation for explanation.
Type  H <return>  for immediate help.
 ...                                              
                                                  
l.709 ...\textwidth]{images/elements_fixation.png}
                                                  
Try typing  <return>  to proceed.
If that doesn't work, type  X <return>  to quit.

[19 <./images/support_attache_rouge.png>] [20]
Chapitre 3.
[21

]
<images/assemblage_drone.png, id=233, 114.9093pt x 79.2561pt>
File: images/assemblage_drone.png Graphic file (type png)
<use images/assemblage_drone.png>
Package pdftex.def Info: images/assemblage_drone.png  used on input line 788.
(pdftex.def)             Requested size: 364.19667pt x 251.20236pt.
 [22 <./images/assemblage_drone.png>] [23]
Chapitre 4.
[24

]

LaTeX Warning: File `images/dessin_chassis.png' not found on input line 926.


c:/Users/HP/Documents/1er ann√©e GM/Conception du produit/projet_conception/rapport_projet_conception.tex:926: Package pdftex.def Error: File `images/dessin_chassis.png' not found: using draft setting.

See the pdftex.def package documentation for explanation.
Type  H <return>  for immediate help.
 ...                                              
                                                  
l.926 ...0.8\textwidth]{images/dessin_chassis.png}
                                                  
Try typing  <return>  to proceed.
If that doesn't work, type  X <return>  to quit.

[25]

LaTeX Warning: File `images/dessin_helice.png' not found on input line 950.


c:/Users/HP/Documents/1er ann√©e GM/Conception du produit/projet_conception/rapport_projet_conception.tex:950: Package pdftex.def Error: File `images/dessin_helice.png' not found: using draft setting.

See the pdftex.def package documentation for explanation.
Type  H <return>  for immediate help.
 ...                                              
                                                  
l.950 ...=0.8\textwidth]{images/dessin_helice.png}
                                                  
Try typing  <return>  to proceed.
If that doesn't work, type  X <return>  to quit.

[26]
Chapitre 5.

Overfull \hbox (2.87524pt too wide) in paragraph at lines 970--988
 [][] 
 []

[27

]

LaTeX Warning: File `images/dessin_ensemble_drone.png' not found on input line 1028.


c:/Users/HP/Documents/1er ann√©e GM/Conception du produit/projet_conception/rapport_projet_conception.tex:1028: Package pdftex.def Error: File `images/dessin_ensemble_drone.png' not found: using draft setting.

See the pdftex.def package documentation for explanation.
Type  H <return>  for immediate help.
 ...                                              
                                                  
l.1028 ...width]{images/dessin_ensemble_drone.png}
                                                  
Try typing  <return>  to proceed.
If that doesn't work, type  X <return>  to quit.

[28]

LaTeX Warning: File `images/vue_eclatee_drone.png' not found on input line 1065.


c:/Users/HP/Documents/1er ann√©e GM/Conception du produit/projet_conception/rapport_projet_conception.tex:1065: Package pdftex.def Error: File `images/vue_eclatee_drone.png' not found: using draft setting.

See the pdftex.def package documentation for explanation.
Type  H <return>  for immediate help.
 ...                                              
                                                  
l.1065 ...textwidth]{images/vue_eclatee_drone.png}
                                                  
Try typing  <return>  to proceed.
If that doesn't work, type  X <return>  to quit.

[29]
Chapitre 6.
[30

]

LaTeX Warning: File `images/drone_final.png' not found on input line 1179.


c:/Users/HP/Documents/1er ann√©e GM/Conception du produit/projet_conception/rapport_projet_conception.tex:1179: Package pdftex.def Error: File `images/drone_final.png' not found: using draft setting.

See the pdftex.def package documentation for explanation.
Type  H <return>  for immediate help.
 ...                                              
                                                  
l.1179 ...h=0.8\textwidth]{images/drone_final.png}
                                                  
Try typing  <return>  to proceed.
If that doesn't work, type  X <return>  to quit.

[31] [32] (rapport_projet_conception.aux)
 ***********
LaTeX2e <2023-11-01> patch level 1
L3 programming layer <2024-01-04>
 ***********


LaTeX Warning: Label(s) may have changed. Rerun to get cross-references right.


Package rerunfilecheck Warning: File `rapport_projet_conception.out' has changed.
(rerunfilecheck)                Rerun to get outlines right
(rerunfilecheck)                or use package `bookmark'.

Package rerunfilecheck Info: Checksums for `rapport_projet_conception.out':
(rerunfilecheck)             Before: <no file>
(rerunfilecheck)             After:  3B6751489835921EDAB1D3FB7A0F98BC;7345.
 ) 
Here is how much of TeX's memory you used:
 12392 strings out of 474486
 201495 string characters out of 5760179
 1939542 words of memory out of 5000000
 34374 multiletter control sequences out of 15000+600000
 569756 words of font info for 60 fonts, out of 8000000 for 9000
 1141 hyphenation exceptions out of 8191
 75i,8n,79p,526b,705s stack positions out of 10000i,1000n,20000p,200000b,200000s
 <C:\Users\HP\AppData\Local\MiKTeX\fonts/pk/ljfour/jknappen/ec/dpi600\ectt1200.pk> <C:\Users\HP\AppData\Local\MiKTeX\fonts/pk/ljfour/jknappen/ec/dpi600\tcrm1200.pk> <C:\Users\HP\AppData\Local\MiKTeX\fonts/pk/ljfour/jknappen/ec/dpi600\eccc1200.pk> <C:\Users\HP\AppData\Local\MiKTeX\fonts/pk/ljfour/jknappen/ec/dpi600\ecbx1440.pk> <C:\Users\HP\AppData\Local\MiKTeX\fonts/pk/ljfour/jknappen/ec/dpi600\ecrm1728.pk> <C:\Users\HP\AppData\Local\MiKTeX\fonts/pk/ljfour/jknappen/ec/dpi600\ecrm1200.pk> <C:\Users\HP\AppData\Local\MiKTeX\fonts/pk/ljfour/jknappen/ec/dpi600\ecbx1200.pk> <C:\Users\HP\AppData\Local\MiKTeX\fonts/pk/ljfour/jknappen/ec/dpi600\ecbx2488.pk> <C:\Users\HP\AppData\Local\MiKTeX\fonts/pk/ljfour/jknappen/ec/dpi600\ecbx1728.pk> <C:\Users\HP\AppData\Local\MiKTeX\fonts/pk/ljfour/jknappen/ec/dpi600\ecbx2074.pk>
Output written on rapport_projet_conception.pdf (33 pages, 4735975 bytes).
PDF statistics:
 747 PDF objects out of 1000 (max. 8388607)
 162 named destinations out of 1000 (max. 500000)
 96 words of extra memory for PDF output out of 10000 (max. 10000000)

