\BOOKMARK [0][-]{chapter.1}{\376\377\000I\000n\000t\000r\000o\000d\000u\000c\000t\000i\000o\000n}{}% 1
\BOOKMARK [1][-]{section.1.1}{\376\377\000P\000r\000\351\000s\000e\000n\000t\000a\000t\000i\000o\000n\000\040\000d\000u\000\040\000p\000r\000o\000j\000e\000t}{chapter.1}% 2
\BOOKMARK [1][-]{section.1.2}{\376\377\000A\000n\000a\000l\000y\000s\000e\000\040\000f\000o\000n\000c\000t\000i\000o\000n\000n\000e\000l\000l\000e\000\040\000d\000u\000\040\000d\000r\000o\000n\000e}{chapter.1}% 3
\BOOKMARK [2][-]{subsection.1.2.1}{\376\377\000B\000\352\000t\000e\000\040\000\340\000\040\000c\000o\000r\000n\000e\000s}{section.1.2}% 4
\BOOKMARK [2][-]{subsection.1.2.2}{\376\377\000D\000i\000a\000g\000r\000a\000m\000m\000e\000\040\000d\000e\000s\000\040\000f\000o\000n\000c\000t\000i\000o\000n\000s\000\040\000\050\000F\000A\000S\000T\000\040\000s\000i\000m\000p\000l\000i\000f\000i\000\351\000\051}{section.1.2}% 5
\BOOKMARK [2][-]{subsection.1.2.3}{\376\377\000C\000o\000n\000t\000r\000a\000i\000n\000t\000e\000s}{section.1.2}% 6
\BOOKMARK [2][-]{subsection.1.2.4}{\376\377\000C\000o\000n\000t\000e\000x\000t\000e\000\040\000e\000t\000\040\000o\000b\000j\000e\000c\000t\000i\000f\000s}{section.1.2}% 7
\BOOKMARK [2][-]{subsection.1.2.5}{\376\377\000C\000a\000h\000i\000e\000r\000\040\000d\000e\000s\000\040\000c\000h\000a\000r\000g\000e\000s}{section.1.2}% 8
\BOOKMARK [2][-]{subsection.1.2.6}{\376\377\000D\000\351\000m\000a\000r\000c\000h\000e\000\040\000a\000d\000o\000p\000t\000\351\000e}{section.1.2}% 9
\BOOKMARK [1][-]{section.1.3}{\376\377\000O\000u\000t\000i\000l\000s\000\040\000u\000t\000i\000l\000i\000s\000\351\000s}{chapter.1}% 10
\BOOKMARK [2][-]{subsection.1.3.1}{\376\377\000M\000o\000d\000u\000l\000e\000s\000\040\000C\000A\000T\000I\000A\000\040\000u\000t\000i\000l\000i\000s\000\351\000s}{section.1.3}% 11
\BOOKMARK [2][-]{subsection.1.3.2}{\376\377\000A\000u\000t\000r\000e\000s\000\040\000r\000e\000s\000s\000o\000u\000r\000c\000e\000s\000\040\000t\000e\000c\000h\000n\000i\000q\000u\000e\000s}{section.1.3}% 12
\BOOKMARK [0][-]{chapter.2}{\376\377\000C\000o\000n\000c\000e\000p\000t\000i\000o\000n\000\040\000d\000e\000s\000\040\000p\000i\000\350\000c\000e\000s}{}% 13
\BOOKMARK [1][-]{section.2.1}{\376\377\000L\000i\000s\000t\000e\000\040\000d\000e\000s\000\040\000p\000i\000\350\000c\000e\000s\000\040\000m\000o\000d\000\351\000l\000i\000s\000\351\000e\000s}{chapter.2}% 14
\BOOKMARK [1][-]{section.2.2}{\376\377\000P\000r\000o\000c\000\351\000d\000u\000r\000e\000s\000\040\000d\000e\000\040\000m\000o\000d\000\351\000l\000i\000s\000a\000t\000i\000o\000n}{chapter.2}% 15
\BOOKMARK [2][-]{subsection.2.2.1}{\376\377\000M\000o\000d\000\351\000l\000i\000s\000a\000t\000i\000o\000n\000\040\000d\000u\000\040\000c\000h\000\342\000s\000s\000i\000s\000\040\000c\000e\000n\000t\000r\000a\000l}{section.2.2}% 16
\BOOKMARK [2][-]{subsection.2.2.2}{\376\377\000M\000o\000d\000\351\000l\000i\000s\000a\000t\000i\000o\000n\000\040\000d\000e\000s\000\040\000b\000r\000a\000s\000\040\000d\000e\000\040\000s\000u\000p\000p\000o\000r\000t}{section.2.2}% 17
\BOOKMARK [2][-]{subsection.2.2.3}{\376\377\000M\000o\000d\000\351\000l\000i\000s\000a\000t\000i\000o\000n\000\040\000d\000e\000s\000\040\000s\000u\000p\000p\000o\000r\000t\000s\000\040\000d\000e\000\040\000m\000o\000t\000e\000u\000r}{section.2.2}% 18
\BOOKMARK [2][-]{subsection.2.2.4}{\376\377\000M\000o\000d\000\351\000l\000i\000s\000a\000t\000i\000o\000n\000\040\000d\000e\000s\000\040\000h\000\351\000l\000i\000c\000e\000s}{section.2.2}% 19
\BOOKMARK [2][-]{subsection.2.2.5}{\376\377\000M\000o\000d\000\351\000l\000i\000s\000a\000t\000i\000o\000n\000\040\000d\000u\000\040\000s\000u\000p\000p\000o\000r\000t\000\040\000d\000'\000a\000t\000t\000a\000c\000h\000e}{section.2.2}% 20
\BOOKMARK [2][-]{subsection.2.2.6}{\376\377\000M\000o\000d\000\351\000l\000i\000s\000a\000t\000i\000o\000n\000\040\000d\000e\000s\000\040\000\351\000l\000\351\000m\000e\000n\000t\000s\000\040\000d\000e\000\040\000f\000i\000x\000a\000t\000i\000o\000n}{section.2.2}% 21
\BOOKMARK [0][-]{chapter.3}{\376\377\000A\000s\000s\000e\000m\000b\000l\000a\000g\000e}{}% 22
\BOOKMARK [1][-]{section.3.1}{\376\377\000S\000t\000r\000u\000c\000t\000u\000r\000e\000\040\000d\000e\000\040\000l\000'\000a\000s\000s\000e\000m\000b\000l\000a\000g\000e}{chapter.3}% 23
\BOOKMARK [1][-]{section.3.2}{\376\377\000C\000o\000n\000t\000r\000a\000i\000n\000t\000e\000s\000\040\000d\000'\000a\000s\000s\000e\000m\000b\000l\000a\000g\000e}{chapter.3}% 24
\BOOKMARK [1][-]{section.3.3}{\376\377\000P\000r\000o\000c\000e\000s\000s\000u\000s\000\040\000d\000'\000a\000s\000s\000e\000m\000b\000l\000a\000g\000e}{chapter.3}% 25
\BOOKMARK [0][-]{chapter.4}{\376\377\000D\000e\000s\000s\000i\000n\000\040\000d\000e\000\040\000d\000\351\000f\000i\000n\000i\000t\000i\000o\000n}{}% 26
\BOOKMARK [1][-]{section.4.1}{\376\377\000C\000o\000t\000a\000t\000i\000o\000n\000\040\000f\000o\000n\000c\000t\000i\000o\000n\000n\000e\000l\000l\000e}{chapter.4}% 27
\BOOKMARK [1][-]{section.4.2}{\376\377\000M\000i\000s\000e\000\040\000e\000n\000\040\000p\000l\000a\000n}{chapter.4}% 28
\BOOKMARK [2][-]{subsection.4.2.1}{\376\377\000E\000x\000e\000m\000p\000l\000e\000:\000\040\000D\000e\000s\000s\000i\000n\000\040\000d\000e\000\040\000d\000\351\000f\000i\000n\000i\000t\000i\000o\000n\000\040\000d\000u\000\040\000c\000h\000\342\000s\000s\000i\000s\000\040\000c\000e\000n\000t\000r\000a\000l}{section.4.2}% 29
\BOOKMARK [2][-]{subsection.4.2.2}{\376\377\000E\000x\000e\000m\000p\000l\000e\000:\000\040\000D\000e\000s\000s\000i\000n\000\040\000d\000e\000\040\000d\000\351\000f\000i\000n\000i\000t\000i\000o\000n\000\040\000d\000e\000s\000\040\000h\000\351\000l\000i\000c\000e\000s}{section.4.2}% 30
\BOOKMARK [0][-]{chapter.5}{\376\377\000D\000e\000s\000s\000i\000n\000\040\000d\000'\000e\000n\000s\000e\000m\000b\000l\000e}{}% 31
\BOOKMARK [1][-]{section.5.1}{\376\377\000N\000o\000m\000e\000n\000c\000l\000a\000t\000u\000r\000e}{chapter.5}% 32
\BOOKMARK [1][-]{section.5.2}{\376\377\000R\000e\000p\000r\000\351\000s\000e\000n\000t\000a\000t\000i\000o\000n\000\040\000d\000e\000\040\000l\000'\000a\000s\000s\000e\000m\000b\000l\000a\000g\000e}{chapter.5}% 33
\BOOKMARK [1][-]{section.5.3}{\376\377\000C\000o\000t\000a\000t\000i\000o\000n\000\040\000d\000'\000e\000n\000c\000o\000m\000b\000r\000e\000m\000e\000n\000t}{chapter.5}% 34
\BOOKMARK [1][-]{section.5.4}{\376\377\000S\000p\000\351\000c\000i\000f\000i\000c\000a\000t\000i\000o\000n\000s\000\040\000d\000'\000a\000s\000s\000e\000m\000b\000l\000a\000g\000e}{chapter.5}% 35
\BOOKMARK [0][-]{chapter.6}{\376\377\000A\000n\000a\000l\000y\000s\000e\000\040\000c\000r\000i\000t\000i\000q\000u\000e\000\040\000e\000t\000\040\000c\000o\000n\000c\000l\000u\000s\000i\000o\000n}{}% 36
\BOOKMARK [1][-]{section.6.1}{\376\377\000D\000i\000f\000f\000i\000c\000u\000l\000t\000\351\000s\000\040\000r\000e\000n\000c\000o\000n\000t\000r\000\351\000e\000s}{chapter.6}% 37
\BOOKMARK [1][-]{section.6.2}{\376\377\000S\000o\000l\000u\000t\000i\000o\000n\000s\000\040\000a\000p\000p\000o\000r\000t\000\351\000e\000s}{chapter.6}% 38
\BOOKMARK [1][-]{section.6.3}{\376\377\000A\000m\000\351\000l\000i\000o\000r\000a\000t\000i\000o\000n\000s\000\040\000p\000o\000s\000s\000i\000b\000l\000e\000s}{chapter.6}% 39
\BOOKMARK [1][-]{section.6.4}{\376\377\000C\000o\000n\000c\000l\000u\000s\000i\000o\000n}{chapter.6}% 40
